<?xml version="1.0" encoding="UTF-8"?>
<!-- Generated by org.testng.reporters.JUnitXMLReporter -->
<testsuite ignored="0" hostname="DESKTOP-MR6DPVM" failures="1" tests="1" name="Test" time="11.785" errors="0" timestamp="2021-05-04T15:08:48 IST">
  <testcase classname="Academy.navigationPa" name="screenshoot" time="10.56">
    <failure type="java.lang.AssertionError" message="expected [Learn &amp;amp; Shine] but found [Learn Earn &amp;amp; Shine]">
      <![CDATA[java.lang.AssertionError: expected [Learn & Shine] but found [Learn Earn & Shine]
at Academy.navigationPa.screenshoot(navigationPa.java:24)
at java.base/java.util.ArrayList.forEach(ArrayList.java:1511)
... Removed 33 stack frames]]>
    </failure>
  </testcase> <!-- screenshoot -->
</testsuite> <!-- Test -->
