<?xml version="1.0" encoding="UTF-8"?>
<testng-results ignored="0" total="2" passed="2" failed="0" skipped="0">
  <reporter-output>
  </reporter-output>
  <suite started-at="2021-05-02T06:49:15 IST" name="Suite" finished-at="2021-05-02T06:50:13 IST" duration-ms="58083">
    <groups>
    </groups>
    <test started-at="2021-05-02T06:49:15 IST" name="Test" finished-at="2021-05-02T06:50:13 IST" duration-ms="58083">
      <class name="Academy.Homepage">
        <test-method signature="basepagenavigation(java.lang.String,java.lang.String,java.lang.String)[pri:0, instance:Academy.Homepage@1bb564e2]" started-at="2021-05-02T06:49:15 IST" name="basepagenavigation" data-provider="getData" finished-at="2021-05-02T06:49:36 IST" duration-ms="21167" status="PASS">
          <params>
            <param index="0">
              <value>
                <![CDATA[nonrestricteduser@qa.com]]>
              </value>
            </param>
            <param index="1">
              <value>
                <![CDATA[1234]]>
              </value>
            </param>
            <param index="2">
              <value>
                <![CDATA[non-Restricted user]]>
              </value>
            </param>
          </params>
          <reporter-output>
          </reporter-output>
        </test-method> <!-- basepagenavigation -->
        <test-method signature="basepagenavigation(java.lang.String,java.lang.String,java.lang.String)[pri:0, instance:Academy.Homepage@1bb564e2]" started-at="2021-05-02T06:49:36 IST" name="basepagenavigation" data-provider="getData" finished-at="2021-05-02T06:50:07 IST" duration-ms="31278" status="PASS">
          <params>
            <param index="0">
              <value>
                <![CDATA[restricteduser@qa.com]]>
              </value>
            </param>
            <param index="1">
              <value>
                <![CDATA[1234]]>
              </value>
            </param>
            <param index="2">
              <value>
                <![CDATA[Restricted user]]>
              </value>
            </param>
          </params>
          <reporter-output>
          </reporter-output>
        </test-method> <!-- basepagenavigation -->
        <test-method is-config="true" signature="outoff()[pri:0, instance:Academy.Homepage@1bb564e2]" started-at="2021-05-02T06:50:07 IST" name="outoff" finished-at="2021-05-02T06:50:13 IST" duration-ms="5529" status="PASS">
          <reporter-output>
          </reporter-output>
        </test-method> <!-- outoff -->
      </class> <!-- Academy.Homepage -->
    </test> <!-- Test -->
  </suite> <!-- Suite -->
</testng-results>
